2014-12-12 00:18:18,455 - [INFO] - from play in pool-4-thread-1 
Listening for HTTP on /0:0:0:0:0:0:0:0:9000

2014-12-12 00:19:37,542 - [INFO] - from play in play-internal-execution-context-1 
database [default] connected at jdbc:h2:mem:play

2014-12-12 00:19:38,921 - [ERROR] - from application in New I/O worker #1 


! @6kf91encd - Internal server error, for (GET) [/] ->

play.api.db.evolutions.InvalidDatabaseRevision: Database 'default' needs evolution![An SQL script need to be run on your database.]
	at play.api.db.evolutions.EvolutionsPlugin$$anonfun$onStart$1$$anonfun$apply$1.apply$mcV$sp(Evolutions.scala:510) ~[play-jdbc_2.10-2.3.0.jar:2.3.0]
	at play.api.db.evolutions.EvolutionsPlugin.withLock(Evolutions.scala:531) ~[play-jdbc_2.10-2.3.0.jar:2.3.0]
	at play.api.db.evolutions.EvolutionsPlugin$$anonfun$onStart$1.apply(Evolutions.scala:485) ~[play-jdbc_2.10-2.3.0.jar:2.3.0]
	at play.api.db.evolutions.EvolutionsPlugin$$anonfun$onStart$1.apply(Evolutions.scala:483) ~[play-jdbc_2.10-2.3.0.jar:2.3.0]
	at scala.collection.immutable.List.foreach(List.scala:318) ~[scala-library.jar:na]
	at play.api.db.evolutions.EvolutionsPlugin.onStart(Evolutions.scala:483) ~[play-jdbc_2.10-2.3.0.jar:2.3.0]
	at play.api.Play$$anonfun$start$1$$anonfun$apply$mcV$sp$1.apply(Play.scala:91) ~[play_2.10-2.3.0.jar:2.3.0]
	at play.api.Play$$anonfun$start$1$$anonfun$apply$mcV$sp$1.apply(Play.scala:91) ~[play_2.10-2.3.0.jar:2.3.0]
	at scala.collection.immutable.List.foreach(List.scala:318) ~[scala-library.jar:na]
	at play.api.Play$$anonfun$start$1.apply$mcV$sp(Play.scala:91) ~[play_2.10-2.3.0.jar:2.3.0]
	at play.api.Play$$anonfun$start$1.apply(Play.scala:91) ~[play_2.10-2.3.0.jar:2.3.0]
	at play.api.Play$$anonfun$start$1.apply(Play.scala:91) ~[play_2.10-2.3.0.jar:2.3.0]
	at play.utils.Threads$.withContextClassLoader(Threads.scala:21) ~[play_2.10-2.3.0.jar:2.3.0]
	at play.api.Play$.start(Play.scala:90) ~[play_2.10-2.3.0.jar:2.3.0]
	at play.core.ReloadableApplication$$anonfun$get$1$$anonfun$apply$1$$anonfun$1.apply(ApplicationProvider.scala:142) ~[play_2.10-2.3.0.jar:2.3.0]
	at play.core.ReloadableApplication$$anonfun$get$1$$anonfun$apply$1$$anonfun$1.apply(ApplicationProvider.scala:115) ~[play_2.10-2.3.0.jar:2.3.0]
	at scala.Option.map(Option.scala:145) ~[scala-library.jar:na]
	at play.core.ReloadableApplication$$anonfun$get$1$$anonfun$apply$1.apply(ApplicationProvider.scala:115) ~[play_2.10-2.3.0.jar:2.3.0]
	at play.core.ReloadableApplication$$anonfun$get$1$$anonfun$apply$1.apply(ApplicationProvider.scala:113) ~[play_2.10-2.3.0.jar:2.3.0]
	at scala.util.Success.flatMap(Try.scala:200) ~[scala-library.jar:na]
	at play.core.ReloadableApplication$$anonfun$get$1.apply(ApplicationProvider.scala:113) ~[play_2.10-2.3.0.jar:2.3.0]
	at play.core.ReloadableApplication$$anonfun$get$1.apply(ApplicationProvider.scala:105) ~[play_2.10-2.3.0.jar:2.3.0]
	at scala.concurrent.impl.Future$PromiseCompletingRunnable.liftedTree1$1(Future.scala:24) ~[scala-library.jar:na]
	at scala.concurrent.impl.Future$PromiseCompletingRunnable.run(Future.scala:24) ~[scala-library.jar:na]
	at scala.concurrent.forkjoin.ForkJoinTask$AdaptedRunnableAction.exec(ForkJoinTask.java:1361) ~[scala-library.jar:na]
	at scala.concurrent.forkjoin.ForkJoinTask.doExec(ForkJoinTask.java:260) ~[scala-library.jar:na]
	at scala.concurrent.forkjoin.ForkJoinPool$WorkQueue.runTask(ForkJoinPool.java:1339) ~[scala-library.jar:na]
	at scala.concurrent.forkjoin.ForkJoinPool.runWorker(ForkJoinPool.java:1979) ~[scala-library.jar:na]
	at scala.concurrent.forkjoin.ForkJoinWorkerThread.run(ForkJoinWorkerThread.java:107) ~[scala-library.jar:na]

2014-12-12 00:19:39,298 - [INFO] - from play in play-internal-execution-context-1 
database [default] connected at jdbc:h2:mem:play

2014-12-12 00:19:39,478 - [ERROR] - from application in New I/O worker #2 


! @6kf91eo86 - Internal server error, for (GET) [/] ->

play.api.db.evolutions.InvalidDatabaseRevision: Database 'default' needs evolution![An SQL script need to be run on your database.]
	at play.api.db.evolutions.EvolutionsPlugin$$anonfun$onStart$1$$anonfun$apply$1.apply$mcV$sp(Evolutions.scala:510) ~[play-jdbc_2.10-2.3.0.jar:2.3.0]
	at play.api.db.evolutions.EvolutionsPlugin.withLock(Evolutions.scala:531) ~[play-jdbc_2.10-2.3.0.jar:2.3.0]
	at play.api.db.evolutions.EvolutionsPlugin$$anonfun$onStart$1.apply(Evolutions.scala:485) ~[play-jdbc_2.10-2.3.0.jar:2.3.0]
	at play.api.db.evolutions.EvolutionsPlugin$$anonfun$onStart$1.apply(Evolutions.scala:483) ~[play-jdbc_2.10-2.3.0.jar:2.3.0]
	at scala.collection.immutable.List.foreach(List.scala:318) ~[scala-library.jar:na]
	at play.api.db.evolutions.EvolutionsPlugin.onStart(Evolutions.scala:483) ~[play-jdbc_2.10-2.3.0.jar:2.3.0]
	at play.api.Play$$anonfun$start$1$$anonfun$apply$mcV$sp$1.apply(Play.scala:91) ~[play_2.10-2.3.0.jar:2.3.0]
	at play.api.Play$$anonfun$start$1$$anonfun$apply$mcV$sp$1.apply(Play.scala:91) ~[play_2.10-2.3.0.jar:2.3.0]
	at scala.collection.immutable.List.foreach(List.scala:318) ~[scala-library.jar:na]
	at play.api.Play$$anonfun$start$1.apply$mcV$sp(Play.scala:91) ~[play_2.10-2.3.0.jar:2.3.0]
	at play.api.Play$$anonfun$start$1.apply(Play.scala:91) ~[play_2.10-2.3.0.jar:2.3.0]
	at play.api.Play$$anonfun$start$1.apply(Play.scala:91) ~[play_2.10-2.3.0.jar:2.3.0]
	at play.utils.Threads$.withContextClassLoader(Threads.scala:21) ~[play_2.10-2.3.0.jar:2.3.0]
	at play.api.Play$.start(Play.scala:90) ~[play_2.10-2.3.0.jar:2.3.0]
	at play.core.ReloadableApplication$$anonfun$get$1$$anonfun$apply$1$$anonfun$1.apply(ApplicationProvider.scala:142) ~[play_2.10-2.3.0.jar:2.3.0]
	at play.core.ReloadableApplication$$anonfun$get$1$$anonfun$apply$1$$anonfun$1.apply(ApplicationProvider.scala:115) ~[play_2.10-2.3.0.jar:2.3.0]
	at scala.Option.map(Option.scala:145) ~[scala-library.jar:na]
	at play.core.ReloadableApplication$$anonfun$get$1$$anonfun$apply$1.apply(ApplicationProvider.scala:115) ~[play_2.10-2.3.0.jar:2.3.0]
	at play.core.ReloadableApplication$$anonfun$get$1$$anonfun$apply$1.apply(ApplicationProvider.scala:113) ~[play_2.10-2.3.0.jar:2.3.0]
	at scala.util.Success.flatMap(Try.scala:200) ~[scala-library.jar:na]
	at play.core.ReloadableApplication$$anonfun$get$1.apply(ApplicationProvider.scala:113) ~[play_2.10-2.3.0.jar:2.3.0]
	at play.core.ReloadableApplication$$anonfun$get$1.apply(ApplicationProvider.scala:105) ~[play_2.10-2.3.0.jar:2.3.0]
	at scala.concurrent.impl.Future$PromiseCompletingRunnable.liftedTree1$1(Future.scala:24) ~[scala-library.jar:na]
	at scala.concurrent.impl.Future$PromiseCompletingRunnable.run(Future.scala:24) ~[scala-library.jar:na]
	at scala.concurrent.forkjoin.ForkJoinTask$AdaptedRunnableAction.exec(ForkJoinTask.java:1361) ~[scala-library.jar:na]
	at scala.concurrent.forkjoin.ForkJoinTask.doExec(ForkJoinTask.java:260) ~[scala-library.jar:na]
	at scala.concurrent.forkjoin.ForkJoinPool$WorkQueue.runTask(ForkJoinPool.java:1339) ~[scala-library.jar:na]
	at scala.concurrent.forkjoin.ForkJoinPool.runWorker(ForkJoinPool.java:1979) ~[scala-library.jar:na]
	at scala.concurrent.forkjoin.ForkJoinWorkerThread.run(ForkJoinWorkerThread.java:107) ~[scala-library.jar:na]

2014-12-12 00:19:41,262 - [INFO] - from play in play-internal-execution-context-1 
database [default] connected at jdbc:h2:mem:play

2014-12-12 00:19:41,440 - [INFO] - from play in play-internal-execution-context-1 
Application started (Dev)

2014-12-12 00:20:24,368 - [DEBUG] - from application in slick.db.execution.context-4 
CreateRoom(test,PUBLIC,day,2014-12-14,2014-12-20,3,)

2014-12-12 00:22:43,290 - [INFO] - from play in play-internal-execution-context-1 
database [default] connected at jdbc:h2:mem:play

2014-12-12 00:22:43,443 - [INFO] - from play in play-internal-execution-context-1 
Application started (Dev)

2014-12-12 00:22:45,305 - [INFO] - from play in play-internal-execution-context-1 
database [default] connected at jdbc:h2:mem:play

2014-12-12 00:22:45,491 - [INFO] - from play in play-internal-execution-context-1 
Application started (Dev)

2014-12-12 00:36:17,449 - [INFO] - from play in play-internal-execution-context-1 
database [default] connected at jdbc:h2:mem:play

2014-12-12 00:36:17,586 - [INFO] - from play in play-internal-execution-context-1 
Application started (Dev)

2014-12-12 00:36:17,957 - [INFO] - from play in play-internal-execution-context-1 
database [default] connected at jdbc:h2:mem:play

2014-12-12 00:36:18,086 - [INFO] - from play in play-internal-execution-context-1 
Application started (Dev)

2014-12-12 00:37:47,094 - [DEBUG] - from application in slick.db.execution.context-4 
CreateRoom(testset,PUBLIC,day,2014-12-07,2014-12-20,3,)

2014-12-12 00:37:59,998 - [DEBUG] - from application in slick.db.execution.context-1 
CreateRoom(test3,PUBLIC,day,2014-12-01,2014-12-31,3,)

2014-12-12 00:41:05,174 - [INFO] - from play in play-internal-execution-context-1 
database [default] connected at jdbc:h2:mem:play

2014-12-12 00:41:05,304 - [INFO] - from play in play-internal-execution-context-1 
Application started (Dev)

2014-12-12 00:41:05,616 - [INFO] - from play in play-internal-execution-context-1 
database [default] connected at jdbc:h2:mem:play

2014-12-12 00:41:05,750 - [INFO] - from play in play-internal-execution-context-1 
Application started (Dev)

